Copyright 1986-2017 Xilinx, Inc. All Rights Reserved.
-------------------------------------------------------------------------------------------------------------------------
| Tool Version : Vivado v.2017.4 (win64) Build 2086221 Fri Dec 15 20:55:39 MST 2017
| Date         : Mon Sep 11 09:55:26 2023
| Host         : DESKTOP-JB05U9D running 64-bit major release  (build 9200)
| Command      : report_utilization -file Program_Counter_utilization_synth.rpt -pb Program_Counter_utilization_synth.pb
| Design       : Program_Counter
| Device       : 7vh580thcg1155-2
| Design State : Synthesized
-------------------------------------------------------------------------------------------------------------------------

Utilization Design Information

Table of Contents
-----------------
1. Slice Logic
1.1 Summary of Registers by Type
2. Memory
3. DSP
4. IO and GT Specific
5. Clocking
6. Specific Feature
7. Primitives
8. Black Boxes
9. Instantiated Netlists
10. SLR Connectivity and Clocking Utilization
11. SLR Connectivity Matrix
12. SLR Slice Logic and Dedicated Block Utilization
13. SLR IO Utilization

1. Slice Logic
--------------

+-------------------------+------+-------+-----------+-------+
|        Site Type        | Used | Fixed | Available | Util% |
+-------------------------+------+-------+-----------+-------+
| Slice LUTs*             |   16 |     0 |    362800 | <0.01 |
|   LUT as Logic          |   16 |     0 |    362800 | <0.01 |
|   LUT as Memory         |    0 |     0 |    141600 |  0.00 |
| Slice Registers         |    0 |     0 |    725600 |  0.00 |
|   Register as Flip Flop |    0 |     0 |    725600 |  0.00 |
|   Register as Latch     |    0 |     0 |    725600 |  0.00 |
| F7 Muxes                |    0 |     0 |    218800 |  0.00 |
| F8 Muxes                |    0 |     0 |    109400 |  0.00 |
+-------------------------+------+-------+-----------+-------+
* Warning! The Final LUT count, after physical optimizations and full implementation, is typically lower. Run opt_design after synthesis, if not already completed, for a more realistic count.


1.1 Summary of Registers by Type
--------------------------------

+-------+--------------+-------------+--------------+
| Total | Clock Enable | Synchronous | Asynchronous |
+-------+--------------+-------------+--------------+
| 0     |            _ |           - |            - |
| 0     |            _ |           - |          Set |
| 0     |            _ |           - |        Reset |
| 0     |            _ |         Set |            - |
| 0     |            _ |       Reset |            - |
| 0     |          Yes |           - |            - |
| 0     |          Yes |           - |          Set |
| 0     |          Yes |           - |        Reset |
| 0     |          Yes |         Set |            - |
| 0     |          Yes |       Reset |            - |
+-------+--------------+-------------+--------------+


2. Memory
---------

+----------------+------+-------+-----------+-------+
|    Site Type   | Used | Fixed | Available | Util% |
+----------------+------+-------+-----------+-------+
| Block RAM Tile |    0 |     0 |       940 |  0.00 |
|   RAMB36/FIFO* |    0 |     0 |       940 |  0.00 |
|   RAMB18       |    0 |     0 |      1880 |  0.00 |
+----------------+------+-------+-----------+-------+
* Note: Each Block RAM Tile only has one FIFO logic available and therefore can accommodate only one FIFO36E1 or one FIFO18E1. However, if a FIFO18E1 occupies a Block RAM Tile, that tile can still accommodate a RAMB18E1


3. DSP
------

+-----------+------+-------+-----------+-------+
| Site Type | Used | Fixed | Available | Util% |
+-----------+------+-------+-----------+-------+
| DSPs      |    0 |     0 |      1680 |  0.00 |
+-----------+------+-------+-----------+-------+


4. IO and GT Specific
---------------------

+-----------------------------+------+-------+-----------+-------+
|          Site Type          | Used | Fixed | Available | Util% |
+-----------------------------+------+-------+-----------+-------+
| Bonded IOB                  |   17 |     0 |       400 |  4.25 |
| Bonded IPADs                |    0 |     0 |        94 |  0.00 |
| Bonded OPADs                |    0 |     0 |        64 |  0.00 |
| PHY_CONTROL                 |    0 |     0 |        12 |  0.00 |
| PHASER_REF                  |    0 |     0 |        12 |  0.00 |
| OUT_FIFO                    |    0 |     0 |        48 |  0.00 |
| IN_FIFO                     |    0 |     0 |        48 |  0.00 |
| IDELAYCTRL                  |    0 |     0 |        12 |  0.00 |
| IBUFDS                      |    0 |     0 |       384 |  0.00 |
| GTHE2_CHANNEL               |    0 |     0 |        24 |  0.00 |
| PHASER_OUT/PHASER_OUT_PHY   |    0 |     0 |        48 |  0.00 |
| PHASER_IN/PHASER_IN_PHY     |    0 |     0 |        48 |  0.00 |
| IDELAYE2/IDELAYE2_FINEDELAY |    0 |     0 |       600 |  0.00 |
| ODELAYE2/ODELAYE2_FINEDELAY |    0 |     0 |       600 |  0.00 |
| IBUFDS_GTE2                 |    0 |     0 |        12 |  0.00 |
| ILOGIC                      |    0 |     0 |       400 |  0.00 |
| OLOGIC                      |    0 |     0 |       400 |  0.00 |
+-----------------------------+------+-------+-----------+-------+


5. Clocking
-----------

+------------+------+-------+-----------+-------+
|  Site Type | Used | Fixed | Available | Util% |
+------------+------+-------+-----------+-------+
| BUFGCTRL   |    0 |     0 |        80 |  0.00 |
| BUFIO      |    0 |     0 |        48 |  0.00 |
| MMCME2_ADV |    0 |     0 |        12 |  0.00 |
| PLLE2_ADV  |    0 |     0 |        12 |  0.00 |
| BUFMRCE    |    0 |     0 |        24 |  0.00 |
| BUFHCE     |    0 |     0 |       144 |  0.00 |
| BUFR       |    0 |     0 |        48 |  0.00 |
+------------+------+-------+-----------+-------+


6. Specific Feature
-------------------

+-------------+------+-------+-----------+-------+
|  Site Type  | Used | Fixed | Available | Util% |
+-------------+------+-------+-----------+-------+
| BSCANE2     |    0 |     0 |         8 |  0.00 |
| CAPTUREE2   |    0 |     0 |         2 |  0.00 |
| DNA_PORT    |    0 |     0 |         1 |  0.00 |
| EFUSE_USR   |    0 |     0 |         1 |  0.00 |
| FRAME_ECCE2 |    0 |     0 |         2 |  0.00 |
| ICAPE2      |    0 |     0 |         4 |  0.00 |
| PCIE_3_0    |    0 |     0 |         2 |  0.00 |
| STARTUPE2   |    0 |     0 |         2 |  0.00 |
| XADC        |    0 |     0 |         1 |  0.00 |
+-------------+------+-------+-----------+-------+


7. Primitives
-------------

+----------+------+---------------------+
| Ref Name | Used | Functional Category |
+----------+------+---------------------+
| OBUFT    |   16 |                  IO |
| LUT1     |   16 |                 LUT |
| OBUF     |    1 |                  IO |
+----------+------+---------------------+


8. Black Boxes
--------------

+----------+------+
| Ref Name | Used |
+----------+------+


9. Instantiated Netlists
------------------------

+----------+------+
| Ref Name | Used |
+----------+------+


10. SLR Connectivity and Clocking Utilization
---------------------------------------------

+----------+-----------------+---------+-----------------+--------------+-------+-------+
|          | Total SLLs Used | (%)SLLs | BUFGs/BUFGCTRLs | BUFH/BUFHCEs | BUFRs | MMCMs |
+----------+-----------------+---------+-----------------+--------------+-------+-------+
| SLR2     |                 |         |               0 |            0 |     0 |     0 |
| ||||||-> |               0 |    0.00 |                 |              |       |       |
| SLR1     |                 |         |               0 |            0 |     0 |     0 |
| ||||||-> |               0 |    0.00 |                 |              |       |       |
| SLR0     |                 |         |               0 |            0 |     0 |     0 |
+----------+-----------------+---------+-----------------+--------------+-------+-------+
| Total    |               0 |         |               0 |            0 |     0 |     0 |
+----------+-----------------+---------+-----------------+--------------+-------+-------+


11. SLR Connectivity Matrix
---------------------------

+------+------+------+------+
|      | SLR2 | SLR1 | SLR0 |
+------+------+------+------+
| SLR2 |    0 |    0 |    0 |
| SLR1 |    0 |    0 |    0 |
| SLR0 |    0 |    0 |    0 |
+------+------+------+------+


12. SLR Slice Logic and Dedicated Block Utilization
---------------------------------------------------

+-----------+--------+-----------+------------+-------------+---------------+-----------+-------+------+
| SLR Index | Slices | (%)Slices | Total LUTs | Memory LUTs | (%)Total LUTs | Registers | BRAMs | DSPs |
+-----------+--------+-----------+------------+-------------+---------------+-----------+-------+------+
| SLR2      |      0 |      0.00 |          0 |           0 |          0.00 |         0 |     0 |    0 |
| SLR1      |      0 |      0.00 |          0 |           0 |          0.00 |         0 |     0 |    0 |
| SLR0      |      0 |      0.00 |          0 |           0 |          0.00 |         0 |     0 |    0 |
+-----------+--------+-----------+------------+-------------+---------------+-----------+-------+------+
| Total     |      0 |           |          0 |           0 |               |         0 |     0 |    0 |
+-----------+--------+-----------+------------+-------------+---------------+-----------+-------+------+


13. SLR IO Utilization
----------------------

+-----------+-------------+---------+--------------+----------+--------------+----------+-----+
| SLR Index | Bonded IOBs | (%)IOBs | Bonded IPADs | (%)IPADs | Bonded OPADs | (%)OPADs | GTs |
+-----------+-------------+---------+--------------+----------+--------------+----------+-----+
| SLR2      |           0 |    0.00 |            0 |     0.00 |            0 |     0.00 |   0 |
| SLR1      |           0 |    0.00 |            0 |     0.00 |            0 |     0.00 |   0 |
| SLR0      |           0 |    0.00 |            0 |     0.00 |            0 |     0.00 |   0 |
+-----------+-------------+---------+--------------+----------+--------------+----------+-----+
| Total     |           0 |         |            0 |          |            0 |          |   0 |
+-----------+-------------+---------+--------------+----------+--------------+----------+-----+


