Unable to capture context for thread 26980 in process 23024, can not generate back trace
Unable to capture context for thread 16232 in process 23024, can not generate back trace
Unable to capture context for thread 21664 in process 23024, can not generate back trace
Unable to capture context for thread 12600 in process 23024, can not generate back trace
Unable to capture context for thread 9596 in process 23024, can not generate back trace
Unable to capture context for thread 17312 in process 23024, can not generate back trace
Unable to capture context for thread 25436 in process 23024, can not generate back trace
Unable to capture context for thread 26616 in process 23024, can not generate back trace
Exception at PC 0x00007FF8A15BCF19
Exception at PC 0x00007FFFA975E132
Attemped to write at address 0x00007FFFF2504AA4
Printing stacktrace...

[0]  [0x00007FFFA975E132]
[1]  [0x00007FFFA975E132]
[2]  [0x00007FFFA975E194]
[3]  [0x00007FFFA93AD0D7]
[4]  [0x00007FFFA9292BCA]
[5]  [0x00007FFFA9292FD1]
[6]  [0x00007FFFA975EB2F]
[7]  [0x00007FFFA961C19D]
[8]  [0x00007FFFA9615942]
[9]  [0x00007FFFA9615AB5]
[10] (RtlActivateActivationContextUnsafeFast+0x11d) [0x00007FF8A3E09A1D]
[11] (LdrShutdownProcess+0x24c) [0x00007FF8A3E4DCFC]
[12] (RtlExitUserProcess+0xad) [0x00007FF8A3E4DA8D]
[13] (FatalExit+0xb) [0x00007FF8A2B2E82B]
[14] (exit+0x85) [0x00007FF8A1FCA155]
[15] (initterm_e+0x245) [0x00007FF8A1FCA7C5]
[16]  [0x00000000004014CD]
[17]  [0x000000000040151B]
[18] (BaseThreadInitThunk+0x14) [0x00007FF8A2B27614]
[19] (RtlUserThreadStart+0x21) [0x00007FF8A3E426B1]
Done
