Unable to capture context for thread 21600 in process 25180, can not generate back trace
Unable to capture context for thread 7012 in process 25180, can not generate back trace
Unable to capture context for thread 12256 in process 25180, can not generate back trace
Unable to capture context for thread 16608 in process 25180, can not generate back trace
Exception at PC 0x00007FF8A15BCF19
Exception at PC 0x00007FF85C62E132
Attemped to write at address 0x00007FF84CB14AA4
Printing stacktrace...

[0]  [0x00007FF85C62E132]
[1]  [0x00007FF85C62E132]
[2]  [0x00007FF85C62E194]
[3]  [0x00007FF85C27D0D7]
[4]  [0x00007FF85C162BCA]
[5]  [0x00007FF85C162FD1]
[6]  [0x00007FF85C62EB2F]
[7]  [0x00007FF85C4EC19D]
[8]  [0x00007FF85C4E5942]
[9]  [0x00007FF85C4E5AB5]
[10] (RtlActivateActivationContextUnsafeFast+0x11d) [0x00007FF8A3E09A1D]
[11] (LdrShutdownProcess+0x24c) [0x00007FF8A3E4DCFC]
[12] (RtlExitUserProcess+0xad) [0x00007FF8A3E4DA8D]
[13] (FatalExit+0xb) [0x00007FF8A2B2E82B]
[14] (exit+0x85) [0x00007FF8A1FCA155]
[15] (initterm_e+0x245) [0x00007FF8A1FCA7C5]
[16]  [0x00000000004014CD]
[17]  [0x000000000040151B]
[18] (BaseThreadInitThunk+0x14) [0x00007FF8A2B27614]
[19] (RtlUserThreadStart+0x21) [0x00007FF8A3E426B1]
Done
