
*** Running vivado
    with args -log Program_Counter.vdi -applog -m64 -product Vivado -messageDb vivado.pb -mode batch -source Program_Counter.tcl -notrace


****** Vivado v2017.4 (64-bit)
  **** SW Build 2086221 on Fri Dec 15 20:55:39 MST 2017
  **** IP Build 2085800 on Fri Dec 15 22:25:07 MST 2017
    ** Copyright 1986-2017 Xilinx, Inc. All Rights Reserved.

source Program_Counter.tcl -notrace
Command: link_design -top Program_Counter -part xc7vh580thcg1155-2
Design is defaulting to srcset: sources_1
Design is defaulting to constrset: constrs_1
INFO: [Project 1-479] Netlist was created with Vivado 2017.4
INFO: [Device 21-403] Loading part xc7vh580thcg1155-2
INFO: [Project 1-570] Preparing netlist for logic optimization
INFO: [Opt 31-138] Pushed 0 inverter(s) to 0 load pin(s).
INFO: [Project 1-111] Unisim Transformation Summary:
No Unisim elements were transformed.

5 Infos, 0 Warnings, 0 Critical Warnings and 0 Errors encountered.
link_design completed successfully
link_design: Time (s): cpu = 00:00:13 ; elapsed = 00:00:14 . Memory (MB): peak = 1022.594 ; gain = 729.434
Command: opt_design
Attempting to get a license for feature 'Implementation' and/or device 'xc7vh580t'
INFO: [Common 17-349] Got license for feature 'Implementation' and/or device 'xc7vh580t'
Running DRC as a precondition to command opt_design

Starting DRC Task
INFO: [DRC 23-27] Running DRC with 2 threads
INFO: [Project 1-461] DRC finished with 0 Errors
INFO: [Project 1-462] Please refer to the DRC report (report_drc) for more information.

Time (s): cpu = 00:00:01 ; elapsed = 00:00:00.460 . Memory (MB): peak = 1031.301 ; gain = 8.707
INFO: [Timing 38-35] Done setting XDC timing constraints.

Starting Logic Optimization Task

Phase 1 Retarget
INFO: [Opt 31-138] Pushed 0 inverter(s) to 0 load pin(s).
INFO: [Opt 31-49] Retargeted 0 cell(s).
Phase 1 Retarget | Checksum: afbe0a7b

Time (s): cpu = 00:00:00 ; elapsed = 00:00:00.022 . Memory (MB): peak = 1638.773 ; gain = 0.000
INFO: [Opt 31-389] Phase Retarget created 0 cells and removed 16 cells

Phase 2 Constant propagation
INFO: [Opt 31-138] Pushed 0 inverter(s) to 0 load pin(s).
Phase 2 Constant propagation | Checksum: afbe0a7b

Time (s): cpu = 00:00:00 ; elapsed = 00:00:00.024 . Memory (MB): peak = 1638.773 ; gain = 0.000
INFO: [Opt 31-389] Phase Constant propagation created 0 cells and removed 0 cells

Phase 3 Sweep
Phase 3 Sweep | Checksum: afbe0a7b

Time (s): cpu = 00:00:00 ; elapsed = 00:00:00.029 . Memory (MB): peak = 1638.773 ; gain = 0.000
INFO: [Opt 31-389] Phase Sweep created 0 cells and removed 0 cells

Phase 4 BUFG optimization
Phase 4 BUFG optimization | Checksum: afbe0a7b

Time (s): cpu = 00:00:00 ; elapsed = 00:00:00.032 . Memory (MB): peak = 1638.773 ; gain = 0.000
INFO: [Opt 31-389] Phase BUFG optimization created 0 cells and removed 0 cells

Phase 5 Shift Register Optimization
Phase 5 Shift Register Optimization | Checksum: afbe0a7b

Time (s): cpu = 00:00:00 ; elapsed = 00:00:00.033 . Memory (MB): peak = 1638.773 ; gain = 0.000
INFO: [Opt 31-389] Phase Shift Register Optimization created 0 cells and removed 0 cells

Starting Connectivity Check Task

Time (s): cpu = 00:00:00 ; elapsed = 00:00:00 . Memory (MB): peak = 1638.773 ; gain = 0.000
Ending Logic Optimization Task | Checksum: afbe0a7b

Time (s): cpu = 00:00:00 ; elapsed = 00:00:00.035 . Memory (MB): peak = 1638.773 ; gain = 0.000

Starting Power Optimization Task
INFO: [Pwropt 34-132] Skipping clock gating for clocks with a period < 2.00 ns.
Ending Power Optimization Task | Checksum: afbe0a7b

Time (s): cpu = 00:00:00 ; elapsed = 00:00:00.015 . Memory (MB): peak = 1638.773 ; gain = 0.000
INFO: [Common 17-83] Releasing license: Implementation
20 Infos, 0 Warnings, 0 Critical Warnings and 0 Errors encountered.
opt_design completed successfully
opt_design: Time (s): cpu = 00:00:12 ; elapsed = 00:00:12 . Memory (MB): peak = 1638.773 ; gain = 616.180
source D:/Xilinx/Vivado/Alarm.tcl
INFO: [Common 17-1381] The checkpoint 'C:/Users/gjk19/Desktop/Digital Circuit/Vivado Project/RISC CPU/RISC CPU.runs/impl_1/Program_Counter_opt.dcp' has been generated.
INFO: [runtcl-4] Executing : report_drc -file Program_Counter_drc_opted.rpt -pb Program_Counter_drc_opted.pb -rpx Program_Counter_drc_opted.rpx
Command: report_drc -file Program_Counter_drc_opted.rpt -pb Program_Counter_drc_opted.pb -rpx Program_Counter_drc_opted.rpx
INFO: [IP_Flow 19-234] Refreshing IP repositories
INFO: [IP_Flow 19-1704] No user IP repositories specified
INFO: [IP_Flow 19-2313] Loaded Vivado IP repository 'D:/Xilinx/Vivado/2017.4/data/ip'.
INFO: [DRC 23-27] Running DRC with 2 threads
INFO: [Coretcl 2-168] The results of DRC are in file C:/Users/gjk19/Desktop/Digital Circuit/Vivado Project/RISC CPU/RISC CPU.runs/impl_1/Program_Counter_drc_opted.rpt.
report_drc completed successfully
INFO: [Chipscope 16-241] No debug cores found in the current design.
Before running the implement_debug_core command, either use the Set Up Debug wizard (GUI mode)
or use the create_debug_core and connect_debug_core Tcl commands to insert debug cores into the design.
Command: place_design
Attempting to get a license for feature 'Implementation' and/or device 'xc7vh580t'
INFO: [Common 17-349] Got license for feature 'Implementation' and/or device 'xc7vh580t'
INFO: [DRC 23-27] Running DRC with 2 threads
INFO: [Vivado_Tcl 4-198] DRC finished with 0 Errors
INFO: [Vivado_Tcl 4-199] Please refer to the DRC report (report_drc) for more information.
Running DRC as a precondition to command place_design
INFO: [DRC 23-27] Running DRC with 2 threads
INFO: [Vivado_Tcl 4-198] DRC finished with 0 Errors
INFO: [Vivado_Tcl 4-199] Please refer to the DRC report (report_drc) for more information.

Starting Placer Task
INFO: [Place 30-611] Multithreading enabled for place_design using a maximum of 2 CPUs

Phase 1 Placer Initialization

Phase 1.1 Placer Initialization Netlist Sorting
Netlist sorting complete. Time (s): cpu = 00:00:00 ; elapsed = 00:00:00 . Memory (MB): peak = 1638.773 ; gain = 0.000
Phase 1.1 Placer Initialization Netlist Sorting | Checksum: 08b97dec

Time (s): cpu = 00:00:00 ; elapsed = 00:00:00.015 . Memory (MB): peak = 1638.773 ; gain = 0.000
Netlist sorting complete. Time (s): cpu = 00:00:00 ; elapsed = 00:00:00 . Memory (MB): peak = 1638.773 ; gain = 0.000

Phase 1.2 IO Placement/ Clock Placement/ Build Placer Device
INFO: [Timing 38-35] Done setting XDC timing constraints.
Phase 1.2 IO Placement/ Clock Placement/ Build Placer Device | Checksum: 6f2fd9b0

Time (s): cpu = 00:00:05 ; elapsed = 00:00:04 . Memory (MB): peak = 1653.586 ; gain = 14.812

Phase 1.3 Build Placer Netlist Model
Phase 1.3 Build Placer Netlist Model | Checksum: 143f5baa8

Time (s): cpu = 00:00:05 ; elapsed = 00:00:05 . Memory (MB): peak = 1653.586 ; gain = 14.812

Phase 1.4 Constrain Clocks/Macros
Phase 1.4 Constrain Clocks/Macros | Checksum: 143f5baa8

Time (s): cpu = 00:00:05 ; elapsed = 00:00:05 . Memory (MB): peak = 1653.586 ; gain = 14.812
Phase 1 Placer Initialization | Checksum: 143f5baa8

Time (s): cpu = 00:00:05 ; elapsed = 00:00:05 . Memory (MB): peak = 1653.586 ; gain = 14.812

Phase 2 Final Placement Cleanup
Phase 2 Final Placement Cleanup | Checksum: 143f5baa8

Time (s): cpu = 00:00:05 ; elapsed = 00:00:05 . Memory (MB): peak = 1653.586 ; gain = 14.812
INFO: [Place 30-281] No place-able instance is found; design doesn't contain any instance or all instances are placed
Ending Placer Task | Checksum: 6f2fd9b0

Time (s): cpu = 00:00:05 ; elapsed = 00:00:05 . Memory (MB): peak = 1653.586 ; gain = 14.812
INFO: [Common 17-83] Releasing license: Implementation
39 Infos, 0 Warnings, 0 Critical Warnings and 0 Errors encountered.
place_design completed successfully
place_design: Time (s): cpu = 00:00:06 ; elapsed = 00:00:05 . Memory (MB): peak = 1653.586 ; gain = 14.812
Writing placer database...
Writing XDEF routing.
Writing XDEF routing logical nets.
Writing XDEF routing special nets.
Write XDEF Complete: Time (s): cpu = 00:00:01 ; elapsed = 00:00:00.104 . Memory (MB): peak = 1653.586 ; gain = 0.000
INFO: [Common 17-1381] The checkpoint 'C:/Users/gjk19/Desktop/Digital Circuit/Vivado Project/RISC CPU/RISC CPU.runs/impl_1/Program_Counter_placed.dcp' has been generated.
INFO: [runtcl-4] Executing : report_io -file Program_Counter_io_placed.rpt
report_io: Time (s): cpu = 00:00:00 ; elapsed = 00:00:00.115 . Memory (MB): peak = 1662.820 ; gain = 9.234
INFO: [runtcl-4] Executing : report_utilization -file Program_Counter_utilization_placed.rpt -pb Program_Counter_utilization_placed.pb
report_utilization: Time (s): cpu = 00:00:00 ; elapsed = 00:00:00.310 . Memory (MB): peak = 1662.820 ; gain = 0.000
INFO: [runtcl-4] Executing : report_control_sets -verbose -file Program_Counter_control_sets_placed.rpt
report_control_sets: Time (s): cpu = 00:00:00 ; elapsed = 00:00:00.004 . Memory (MB): peak = 1662.820 ; gain = 0.000
Command: route_design
Attempting to get a license for feature 'Implementation' and/or device 'xc7vh580t'
INFO: [Common 17-349] Got license for feature 'Implementation' and/or device 'xc7vh580t'
Running DRC as a precondition to command route_design
INFO: [DRC 23-27] Running DRC with 2 threads
INFO: [Vivado_Tcl 4-198] DRC finished with 0 Errors
INFO: [Vivado_Tcl 4-199] Please refer to the DRC report (report_drc) for more information.


Starting Routing Task
INFO: [Route 35-254] Multithreading enabled for route_design using a maximum of 2 CPUs
Checksum: PlaceDB: 66765bc4 ConstDB: 0 ShapeSum: 8b97dec RouteDB: 0

Phase 1 Build RT Design
Phase 1 Build RT Design | Checksum: 1ac06237c

Time (s): cpu = 00:01:30 ; elapsed = 00:01:08 . Memory (MB): peak = 2354.914 ; gain = 679.695
Post Restoration Checksum: NetGraph: b75d6d60 NumContArr: f4a8b61c Constraints: 0 Timing: 0

Phase 2 Router Initialization
INFO: [Route 35-64] No timing constraints were detected. The router will operate in resource-optimization mode.

Phase 2.1 Fix Topology Constraints
Phase 2.1 Fix Topology Constraints | Checksum: 1ac06237c

Time (s): cpu = 00:01:31 ; elapsed = 00:01:08 . Memory (MB): peak = 2366.750 ; gain = 691.531

Phase 2.2 Pre Route Cleanup
Phase 2.2 Pre Route Cleanup | Checksum: 1ac06237c

Time (s): cpu = 00:01:31 ; elapsed = 00:01:08 . Memory (MB): peak = 2366.750 ; gain = 691.531
 Number of Nodes with overlaps = 0
Phase 2 Router Initialization | Checksum: 17c876f6c

Time (s): cpu = 00:01:31 ; elapsed = 00:01:08 . Memory (MB): peak = 2389.938 ; gain = 714.719

Phase 3 Initial Routing
 Number of Nodes with overlaps = 0
Phase 3 Initial Routing | Checksum: 17c876f6c

Time (s): cpu = 00:01:33 ; elapsed = 00:01:09 . Memory (MB): peak = 2389.938 ; gain = 714.719

Phase 4 Rip-up And Reroute

Phase 4.1 Global Iteration 0
Phase 4.1 Global Iteration 0 | Checksum: 17c876f6c

Time (s): cpu = 00:01:33 ; elapsed = 00:01:09 . Memory (MB): peak = 2389.938 ; gain = 714.719
Phase 4 Rip-up And Reroute | Checksum: 17c876f6c

Time (s): cpu = 00:01:33 ; elapsed = 00:01:09 . Memory (MB): peak = 2389.938 ; gain = 714.719

Phase 5 Delay and Skew Optimization
Phase 5 Delay and Skew Optimization | Checksum: 17c876f6c

Time (s): cpu = 00:01:33 ; elapsed = 00:01:09 . Memory (MB): peak = 2389.938 ; gain = 714.719

Phase 6 Post Hold Fix

Phase 6.1 Hold Fix Iter
Phase 6.1 Hold Fix Iter | Checksum: 17c876f6c

Time (s): cpu = 00:01:33 ; elapsed = 00:01:09 . Memory (MB): peak = 2389.938 ; gain = 714.719
Phase 6 Post Hold Fix | Checksum: 17c876f6c

Time (s): cpu = 00:01:33 ; elapsed = 00:01:09 . Memory (MB): peak = 2389.938 ; gain = 714.719

Phase 7 Route finalize

Router Utilization Summary
  Global Vertical Routing Utilization    = 0 %
  Global Horizontal Routing Utilization  = 0 %
  Routable Net Status*
  *Does not include unroutable nets such as driverless and loadless.
  Run report_route_status for detailed report.
  Number of Failed Nets               = 0
  Number of Unrouted Nets             = 0
  Number of Partially Routed Nets     = 0
  Number of Node Overlaps             = 0

Utilization threshold used for congestion level computation: 0.85
Congestion Report
North Dir 1x1 Area, Max Cong = 0%, No Congested Regions.
South Dir 1x1 Area, Max Cong = 0%, No Congested Regions.
East Dir 1x1 Area, Max Cong = 0%, No Congested Regions.
West Dir 1x1 Area, Max Cong = 0%, No Congested Regions.
Phase 7 Route finalize | Checksum: 17c876f6c

Time (s): cpu = 00:01:33 ; elapsed = 00:01:09 . Memory (MB): peak = 2391.574 ; gain = 716.355

Phase 8 Verifying routed nets

 Verification completed successfully
Phase 8 Verifying routed nets | Checksum: 17c876f6c

Time (s): cpu = 00:01:33 ; elapsed = 00:01:09 . Memory (MB): peak = 2396.305 ; gain = 721.086

Phase 9 Depositing Routes
Phase 9 Depositing Routes | Checksum: 17c876f6c

Time (s): cpu = 00:01:33 ; elapsed = 00:01:09 . Memory (MB): peak = 2396.305 ; gain = 721.086
INFO: [Route 35-16] Router Completed Successfully

Time (s): cpu = 00:01:33 ; elapsed = 00:01:09 . Memory (MB): peak = 2396.305 ; gain = 721.086

Routing Is Done.
INFO: [Common 17-83] Releasing license: Implementation
51 Infos, 0 Warnings, 0 Critical Warnings and 0 Errors encountered.
route_design completed successfully
route_design: Time (s): cpu = 00:01:35 ; elapsed = 00:01:10 . Memory (MB): peak = 2396.305 ; gain = 733.484
Writing placer database...
Writing XDEF routing.
Writing XDEF routing logical nets.
Writing XDEF routing special nets.
Write XDEF Complete: Time (s): cpu = 00:00:00 ; elapsed = 00:00:00.133 . Memory (MB): peak = 2396.305 ; gain = 0.000
INFO: [Common 17-1381] The checkpoint 'C:/Users/gjk19/Desktop/Digital Circuit/Vivado Project/RISC CPU/RISC CPU.runs/impl_1/Program_Counter_routed.dcp' has been generated.
INFO: [runtcl-4] Executing : report_drc -file Program_Counter_drc_routed.rpt -pb Program_Counter_drc_routed.pb -rpx Program_Counter_drc_routed.rpx
Command: report_drc -file Program_Counter_drc_routed.rpt -pb Program_Counter_drc_routed.pb -rpx Program_Counter_drc_routed.rpx
INFO: [IP_Flow 19-1839] IP Catalog is up to date.
INFO: [DRC 23-27] Running DRC with 2 threads
INFO: [Coretcl 2-168] The results of DRC are in file C:/Users/gjk19/Desktop/Digital Circuit/Vivado Project/RISC CPU/RISC CPU.runs/impl_1/Program_Counter_drc_routed.rpt.
report_drc completed successfully
INFO: [runtcl-4] Executing : report_methodology -file Program_Counter_methodology_drc_routed.rpt -pb Program_Counter_methodology_drc_routed.pb -rpx Program_Counter_methodology_drc_routed.rpx
Command: report_methodology -file Program_Counter_methodology_drc_routed.rpt -pb Program_Counter_methodology_drc_routed.pb -rpx Program_Counter_methodology_drc_routed.rpx
INFO: [Timing 38-35] Done setting XDC timing constraints.
INFO: [Timing 38-35] Done setting XDC timing constraints.
INFO: [DRC 23-133] Running Methodology with 2 threads
INFO: [Coretcl 2-1520] The results of Report Methodology are in file C:/Users/gjk19/Desktop/Digital Circuit/Vivado Project/RISC CPU/RISC CPU.runs/impl_1/Program_Counter_methodology_drc_routed.rpt.
report_methodology completed successfully
INFO: [runtcl-4] Executing : report_power -file Program_Counter_power_routed.rpt -pb Program_Counter_power_summary_routed.pb -rpx Program_Counter_power_routed.rpx
Command: report_power -file Program_Counter_power_routed.rpt -pb Program_Counter_power_summary_routed.pb -rpx Program_Counter_power_routed.rpx
WARNING: [Power 33-232] No user defined clocks were found in the design!
Resolution: Please specify clocks using create_clock/create_generated_clock for sequential elements. For pure combinatorial circuits, please specify a virtual clock, otherwise the vectorless estimation might be inaccurate
INFO: [Timing 38-35] Done setting XDC timing constraints.
Running Vector-less Activity Propagation...

Finished Running Vector-less Activity Propagation
63 Infos, 1 Warnings, 0 Critical Warnings and 0 Errors encountered.
report_power completed successfully
INFO: [runtcl-4] Executing : report_route_status -file Program_Counter_route_status.rpt -pb Program_Counter_route_status.pb
INFO: [runtcl-4] Executing : report_timing_summary -max_paths 10 -file Program_Counter_timing_summary_routed.rpt -rpx Program_Counter_timing_summary_routed.rpx -warn_on_violation 
INFO: [Timing 38-91] UpdateTimingParams: Speed grade: -2, Delay Type: min_max.
INFO: [Timing 38-191] Multithreading enabled for timing update using a maximum of 2 CPUs
WARNING: [Timing 38-313] There are no user specified timing constraints. Timing constraints are needed for proper timing analysis.
INFO: [runtcl-4] Executing : report_incremental_reuse -file Program_Counter_incremental_reuse_routed.rpt
INFO: [Vivado_Tcl 4-545] No incremental reuse to report, no incremental placement and routing data was found.
INFO: [runtcl-4] Executing : report_clock_utilization -file Program_Counter_clock_utilization_routed.rpt
report_clock_utilization: Time (s): cpu = 00:00:07 ; elapsed = 00:00:07 . Memory (MB): peak = 2396.305 ; gain = 0.000
INFO: [Common 17-206] Exiting Vivado at Mon Sep 11 09:57:33 2023...
